Copyright 1986-2022 Xilinx, Inc. All Rights Reserved. Copyright 2022-2025 Advanced Micro Devices, Inc. All Rights Reserved.
------------------------------------------------------------------------------------------------------------------------------------------------------------------------------------------------------------------------------
| Tool Version : Vivado v.2025.2 (win64) Build 6299465 Fri Nov 14 19:35:11 GMT 2025
| Date         : Fri Apr 10 02:02:18 2026
| Host         : LAPTOP-M0HQRN51 running 64-bit major release  (build 9200)
| Command      : report_timing_summary -max_paths 10 -routable_nets -report_unconstrained -file nn_top_timing_summary_routed.rpt -pb nn_top_timing_summary_routed.pb -rpx nn_top_timing_summary_routed.rpx -warn_on_violation
| Design       : nn_top
| Device       : 7a200t-fbg676
| Speed File   : -2  PRODUCTION 1.23 2018-06-13
| Design State : Routed
------------------------------------------------------------------------------------------------------------------------------------------------------------------------------------------------------------------------------

Timing Summary Report

------------------------------------------------------------------------------------------------
| Timer Settings
| --------------
------------------------------------------------------------------------------------------------

  Enable Multi Corner Analysis               :  Yes
  Enable Pessimism Removal                   :  Yes
  Pessimism Removal Resolution               :  Nearest Common Node
  Enable Input Delay Default Clock           :  No
  Enable Preset / Clear Arcs                 :  No
  Disable Flight Delays                      :  No
  Ignore I/O Paths                           :  No
  Timing Early Launch at Borrowing Latches   :  No
  Borrow Time for Max Delay Exceptions       :  Yes
  Merge Timing Exceptions                    :  Yes
  Inter-SLR Compensation                     :  Conservative

  Corner  Analyze    Analyze    
  Name    Max Paths  Min Paths  
  ------  ---------  ---------  
  Slow    Yes        Yes        
  Fast    Yes        Yes        


------------------------------------------------------------------------------------------------
| Report Methodology
| ------------------
------------------------------------------------------------------------------------------------

Rule       Severity          Description                  Violations  
---------  ----------------  ---------------------------  ----------  
TIMING-17  Critical Warning  Non-clocked sequential cell  385         
DPIR-1     Warning           Asynchronous driver check    256         

Note: This report is based on the most recent report_methodology run and may not be up-to-date. Run report_methodology on the current design for the latest report.



check_timing report

Table of Contents
-----------------
1. checking no_clock (385)
2. checking constant_clock (0)
3. checking pulse_width_clock (0)
4. checking unconstrained_internal_endpoints (1154)
5. checking no_input_delay (19)
6. checking no_output_delay (129)
7. checking multiple_clock (0)
8. checking generated_clocks (0)
9. checking loops (0)
10. checking partial_input_delay (0)
11. checking partial_output_delay (0)
12. checking latch_loops (0)

1. checking no_clock (385)
--------------------------
 There are 385 register/latch pins with no clock driven by root clock pin: clk (HIGH)


2. checking constant_clock (0)
------------------------------
 There are 0 register/latch pins with constant_clock.


3. checking pulse_width_clock (0)
---------------------------------
 There are 0 register/latch pins which need pulse_width check


4. checking unconstrained_internal_endpoints (1154)
---------------------------------------------------
 There are 1154 pins that are not constrained for maximum delay. (HIGH)

 There are 0 pins that are not constrained for maximum delay due to constant clock.


5. checking no_input_delay (19)
-------------------------------
 There are 19 input ports with no input delay specified. (HIGH)

 There are 0 input ports with no input delay but user has a false path constraint.


6. checking no_output_delay (129)
---------------------------------
 There are 129 ports with no output delay specified. (HIGH)

 There are 0 ports with no output delay but user has a false path constraint

 There are 0 ports with no output delay but with a timing clock defined on it or propagating through it


7. checking multiple_clock (0)
------------------------------
 There are 0 register/latch pins with multiple clocks.


8. checking generated_clocks (0)
--------------------------------
 There are 0 generated clocks that are not connected to a clock source.


9. checking loops (0)
---------------------
 There are 0 combinational loops in the design.


10. checking partial_input_delay (0)
------------------------------------
 There are 0 input ports with partial input delay specified.


11. checking partial_output_delay (0)
-------------------------------------
 There are 0 ports with partial output delay specified.


12. checking latch_loops (0)
----------------------------
 There are 0 combinational latch loops in the design through latch input



------------------------------------------------------------------------------------------------
| Design Timing Summary
| ---------------------
------------------------------------------------------------------------------------------------

    WNS(ns)      TNS(ns)  TNS Failing Endpoints  TNS Total Endpoints      WHS(ns)      THS(ns)  THS Failing Endpoints  THS Total Endpoints     WPWS(ns)     TPWS(ns)  TPWS Failing Endpoints  TPWS Total Endpoints  
    -------      -------  ---------------------  -------------------      -------      -------  ---------------------  -------------------     --------     --------  ----------------------  --------------------  
        inf        0.000                      0                 1283          inf        0.000                      0                 1283           NA           NA                      NA                    NA  


There are no user specified timing constraints.


------------------------------------------------------------------------------------------------
| Clock Summary
| -------------
------------------------------------------------------------------------------------------------


------------------------------------------------------------------------------------------------
| Intra Clock Table
| -----------------
------------------------------------------------------------------------------------------------

Clock             WNS(ns)      TNS(ns)  TNS Failing Endpoints  TNS Total Endpoints      WHS(ns)      THS(ns)  THS Failing Endpoints  THS Total Endpoints     WPWS(ns)     TPWS(ns)  TPWS Failing Endpoints  TPWS Total Endpoints  
-----             -------      -------  ---------------------  -------------------      -------      -------  ---------------------  -------------------     --------     --------  ----------------------  --------------------  


------------------------------------------------------------------------------------------------
| Inter Clock Table
| -----------------
------------------------------------------------------------------------------------------------

From Clock    To Clock          WNS(ns)      TNS(ns)  TNS Failing Endpoints  TNS Total Endpoints      WHS(ns)      THS(ns)  THS Failing Endpoints  THS Total Endpoints  
----------    --------          -------      -------  ---------------------  -------------------      -------      -------  ---------------------  -------------------  


------------------------------------------------------------------------------------------------
| Other Path Groups Table
| -----------------------
------------------------------------------------------------------------------------------------

Path Group    From Clock    To Clock          WNS(ns)      TNS(ns)  TNS Failing Endpoints  TNS Total Endpoints      WHS(ns)      THS(ns)  THS Failing Endpoints  THS Total Endpoints  
----------    ----------    --------          -------      -------  ---------------------  -------------------      -------      -------  ---------------------  -------------------  


------------------------------------------------------------------------------------------------
| User Ignored Path Table
| -----------------------
------------------------------------------------------------------------------------------------

Path Group    From Clock    To Clock    
----------    ----------    --------    


------------------------------------------------------------------------------------------------
| Unconstrained Path Table
| ------------------------
------------------------------------------------------------------------------------------------

Path Group    From Clock    To Clock    
----------    ----------    --------    
(none)                                    


------------------------------------------------------------------------------------------------
| Timing Details
| --------------
------------------------------------------------------------------------------------------------


--------------------------------------------------------------------------------------
Path Group:  (none)
From Clock:  
  To Clock:  

Max Delay          1283 Endpoints
Min Delay          1283 Endpoints
--------------------------------------------------------------------------------------


Max Delay Paths
--------------------------------------------------------------------------------------
Slack:                    inf
  Source:                 data_in[11]
                            (input port)
  Destination:            u_layer/n0/acc_reg[2]/D
  Path Group:             (none)
  Path Type:              Max at Slow Process Corner
  Data Path Delay:        13.141ns  (logic 4.257ns (32.397%)  route 8.884ns (67.603%))
  Logic Levels:           3  (DSP48E1=1 IBUF=1 LUT2=1)

    Location             Delay type                Incr(ns)  Path(ns)    Netlist Resource(s)
  -------------------------------------------------------------------    -------------------
    F24                                               0.000     0.000 r  data_in[11] (IN)
                         net (fo=0)                   0.000     0.000    data_in[11]
    F24                  IBUF (Prop_ibuf_I_O)         0.922     0.922 r  data_in_IBUF[11]_inst/O
                         net (fo=8, routed)           7.933     8.856    u_layer/n0/A[11]
    DSP48_X8Y44          DSP48E1 (Prop_dsp48e1_A[11]_P[2])
                                                      3.230    12.086 r  u_layer/n0/acc0/P[2]
                         net (fo=1, routed)           0.951    13.036    u_layer/n0/acc0_n_103
    SLICE_X152Y110       LUT2 (Prop_lut2_I0_O)        0.105    13.141 r  u_layer/n0/acc[2]_i_1/O
                         net (fo=1, routed)           0.000    13.141    u_layer/n0/data[2]
    SLICE_X152Y110       FDCE                                         r  u_layer/n0/acc_reg[2]/D
  -------------------------------------------------------------------    -------------------

Slack:                    inf
  Source:                 data_in[11]
                            (input port)
  Destination:            u_layer/n0/acc_reg[6]/D
  Path Group:             (none)
  Path Type:              Max at Slow Process Corner
  Data Path Delay:        13.141ns  (logic 4.257ns (32.397%)  route 8.884ns (67.603%))
  Logic Levels:           3  (DSP48E1=1 IBUF=1 LUT2=1)

    Location             Delay type                Incr(ns)  Path(ns)    Netlist Resource(s)
  -------------------------------------------------------------------    -------------------
    F24                                               0.000     0.000 r  data_in[11] (IN)
                         net (fo=0)                   0.000     0.000    data_in[11]
    F24                  IBUF (Prop_ibuf_I_O)         0.922     0.922 r  data_in_IBUF[11]_inst/O
                         net (fo=8, routed)           7.933     8.856    u_layer/n0/A[11]
    DSP48_X8Y44          DSP48E1 (Prop_dsp48e1_A[11]_P[6])
                                                      3.230    12.086 r  u_layer/n0/acc0/P[6]
                         net (fo=1, routed)           0.951    13.036    u_layer/n0/acc0_n_99
    SLICE_X152Y111       LUT2 (Prop_lut2_I0_O)        0.105    13.141 r  u_layer/n0/acc[6]_i_1/O
                         net (fo=1, routed)           0.000    13.141    u_layer/n0/data[6]
    SLICE_X152Y111       FDCE                                         r  u_layer/n0/acc_reg[6]/D
  -------------------------------------------------------------------    -------------------

Slack:                    inf
  Source:                 data_in[11]
                            (input port)
  Destination:            u_layer/n0/acc_reg[8]/D
  Path Group:             (none)
  Path Type:              Max at Slow Process Corner
  Data Path Delay:        13.131ns  (logic 4.257ns (32.424%)  route 8.873ns (67.576%))
  Logic Levels:           3  (DSP48E1=1 IBUF=1 LUT2=1)

    Location             Delay type                Incr(ns)  Path(ns)    Netlist Resource(s)
  -------------------------------------------------------------------    -------------------
    F24                                               0.000     0.000 r  data_in[11] (IN)
                         net (fo=0)                   0.000     0.000    data_in[11]
    F24                  IBUF (Prop_ibuf_I_O)         0.922     0.922 r  data_in_IBUF[11]_inst/O
                         net (fo=8, routed)           7.933     8.856    u_layer/n0/A[11]
    DSP48_X8Y44          DSP48E1 (Prop_dsp48e1_A[11]_P[8])
                                                      3.230    12.086 r  u_layer/n0/acc0/P[8]
                         net (fo=1, routed)           0.940    13.026    u_layer/n0/acc0_n_97
    SLICE_X152Y112       LUT2 (Prop_lut2_I0_O)        0.105    13.131 r  u_layer/n0/acc[8]_i_1/O
                         net (fo=1, routed)           0.000    13.131    u_layer/n0/data[8]
    SLICE_X152Y112       FDCE                                         r  u_layer/n0/acc_reg[8]/D
  -------------------------------------------------------------------    -------------------

Slack:                    inf
  Source:                 data_in[11]
                            (input port)
  Destination:            u_layer/n0/acc_reg[30]/D
  Path Group:             (none)
  Path Type:              Max at Slow Process Corner
  Data Path Delay:        13.130ns  (logic 4.257ns (32.424%)  route 8.873ns (67.576%))
  Logic Levels:           3  (DSP48E1=1 IBUF=1 LUT2=1)

    Location             Delay type                Incr(ns)  Path(ns)    Netlist Resource(s)
  -------------------------------------------------------------------    -------------------
    F24                                               0.000     0.000 r  data_in[11] (IN)
                         net (fo=0)                   0.000     0.000    data_in[11]
    F24                  IBUF (Prop_ibuf_I_O)         0.922     0.922 r  data_in_IBUF[11]_inst/O
                         net (fo=8, routed)           7.933     8.856    u_layer/n0/A[11]
    DSP48_X8Y44          DSP48E1 (Prop_dsp48e1_A[11]_P[30])
                                                      3.230    12.086 r  u_layer/n0/acc0/P[30]
                         net (fo=1, routed)           0.940    13.025    u_layer/n0/acc0_n_75
    SLICE_X152Y112       LUT2 (Prop_lut2_I0_O)        0.105    13.130 r  u_layer/n0/acc[30]_i_1/O
                         net (fo=1, routed)           0.000    13.130    u_layer/n0/data[30]
    SLICE_X152Y112       FDCE                                         r  u_layer/n0/acc_reg[30]/D
  -------------------------------------------------------------------    -------------------

Slack:                    inf
  Source:                 data_in[11]
                            (input port)
  Destination:            u_layer/n0/acc_reg[23]/D
  Path Group:             (none)
  Path Type:              Max at Slow Process Corner
  Data Path Delay:        13.123ns  (logic 4.271ns (32.550%)  route 8.851ns (67.450%))
  Logic Levels:           3  (DSP48E1=1 IBUF=1 LUT2=1)

    Location             Delay type                Incr(ns)  Path(ns)    Netlist Resource(s)
  -------------------------------------------------------------------    -------------------
    F24                                               0.000     0.000 r  data_in[11] (IN)
                         net (fo=0)                   0.000     0.000    data_in[11]
    F24                  IBUF (Prop_ibuf_I_O)         0.922     0.922 r  data_in_IBUF[11]_inst/O
                         net (fo=8, routed)           7.933     8.856    u_layer/n0/A[11]
    DSP48_X8Y44          DSP48E1 (Prop_dsp48e1_A[11]_P[23])
                                                      3.230    12.086 r  u_layer/n0/acc0/P[23]
                         net (fo=1, routed)           0.918    13.004    u_layer/n0/acc0_n_82
    SLICE_X152Y110       LUT2 (Prop_lut2_I0_O)        0.119    13.123 r  u_layer/n0/acc[23]_i_1/O
                         net (fo=1, routed)           0.000    13.123    u_layer/n0/data[23]
    SLICE_X152Y110       FDCE                                         r  u_layer/n0/acc_reg[23]/D
  -------------------------------------------------------------------    -------------------

Slack:                    inf
  Source:                 data_in[11]
                            (input port)
  Destination:            u_layer/n0/acc_reg[9]/D
  Path Group:             (none)
  Path Type:              Max at Slow Process Corner
  Data Path Delay:        13.024ns  (logic 4.273ns (32.812%)  route 8.750ns (67.188%))
  Logic Levels:           3  (DSP48E1=1 IBUF=1 LUT2=1)

    Location             Delay type                Incr(ns)  Path(ns)    Netlist Resource(s)
  -------------------------------------------------------------------    -------------------
    F24                                               0.000     0.000 r  data_in[11] (IN)
                         net (fo=0)                   0.000     0.000    data_in[11]
    F24                  IBUF (Prop_ibuf_I_O)         0.922     0.922 r  data_in_IBUF[11]_inst/O
                         net (fo=8, routed)           7.933     8.856    u_layer/n0/A[11]
    DSP48_X8Y44          DSP48E1 (Prop_dsp48e1_A[11]_P[9])
                                                      3.230    12.086 r  u_layer/n0/acc0/P[9]
                         net (fo=1, routed)           0.817    12.903    u_layer/n0/acc0_n_96
    SLICE_X152Y112       LUT2 (Prop_lut2_I0_O)        0.121    13.024 r  u_layer/n0/acc[9]_i_1/O
                         net (fo=1, routed)           0.000    13.024    u_layer/n0/data[9]
    SLICE_X152Y112       FDCE                                         r  u_layer/n0/acc_reg[9]/D
  -------------------------------------------------------------------    -------------------

Slack:                    inf
  Source:                 data_in[11]
                            (input port)
  Destination:            u_layer/n0/acc_reg[10]/D
  Path Group:             (none)
  Path Type:              Max at Slow Process Corner
  Data Path Delay:        13.002ns  (logic 4.257ns (32.745%)  route 8.744ns (67.255%))
  Logic Levels:           3  (DSP48E1=1 IBUF=1 LUT2=1)

    Location             Delay type                Incr(ns)  Path(ns)    Netlist Resource(s)
  -------------------------------------------------------------------    -------------------
    F24                                               0.000     0.000 r  data_in[11] (IN)
                         net (fo=0)                   0.000     0.000    data_in[11]
    F24                  IBUF (Prop_ibuf_I_O)         0.922     0.922 r  data_in_IBUF[11]_inst/O
                         net (fo=8, routed)           7.933     8.856    u_layer/n0/A[11]
    DSP48_X8Y44          DSP48E1 (Prop_dsp48e1_A[11]_P[10])
                                                      3.230    12.086 r  u_layer/n0/acc0/P[10]
                         net (fo=1, routed)           0.811    12.897    u_layer/n0/acc0_n_95
    SLICE_X152Y112       LUT2 (Prop_lut2_I0_O)        0.105    13.002 r  u_layer/n0/acc[10]_i_1/O
                         net (fo=1, routed)           0.000    13.002    u_layer/n0/data[10]
    SLICE_X152Y112       FDCE                                         r  u_layer/n0/acc_reg[10]/D
  -------------------------------------------------------------------    -------------------

Slack:                    inf
  Source:                 data_in[11]
                            (input port)
  Destination:            u_layer/n0/acc_reg[14]/D
  Path Group:             (none)
  Path Type:              Max at Slow Process Corner
  Data Path Delay:        12.996ns  (logic 4.257ns (32.760%)  route 8.738ns (67.240%))
  Logic Levels:           3  (DSP48E1=1 IBUF=1 LUT2=1)

    Location             Delay type                Incr(ns)  Path(ns)    Netlist Resource(s)
  -------------------------------------------------------------------    -------------------
    F24                                               0.000     0.000 r  data_in[11] (IN)
                         net (fo=0)                   0.000     0.000    data_in[11]
    F24                  IBUF (Prop_ibuf_I_O)         0.922     0.922 r  data_in_IBUF[11]_inst/O
                         net (fo=8, routed)           7.933     8.856    u_layer/n0/A[11]
    DSP48_X8Y44          DSP48E1 (Prop_dsp48e1_A[11]_P[14])
                                                      3.230    12.086 r  u_layer/n0/acc0/P[14]
                         net (fo=1, routed)           0.805    12.891    u_layer/n0/acc0_n_91
    SLICE_X152Y113       LUT2 (Prop_lut2_I0_O)        0.105    12.996 r  u_layer/n0/acc[14]_i_1/O
                         net (fo=1, routed)           0.000    12.996    u_layer/n0/data[14]
    SLICE_X152Y113       FDCE                                         r  u_layer/n0/acc_reg[14]/D
  -------------------------------------------------------------------    -------------------

Slack:                    inf
  Source:                 data_in[11]
                            (input port)
  Destination:            u_layer/n0/acc_reg[18]/D
  Path Group:             (none)
  Path Type:              Max at Slow Process Corner
  Data Path Delay:        12.996ns  (logic 4.257ns (32.760%)  route 8.738ns (67.240%))
  Logic Levels:           3  (DSP48E1=1 IBUF=1 LUT2=1)

    Location             Delay type                Incr(ns)  Path(ns)    Netlist Resource(s)
  -------------------------------------------------------------------    -------------------
    F24                                               0.000     0.000 r  data_in[11] (IN)
                         net (fo=0)                   0.000     0.000    data_in[11]
    F24                  IBUF (Prop_ibuf_I_O)         0.922     0.922 r  data_in_IBUF[11]_inst/O
                         net (fo=8, routed)           7.933     8.856    u_layer/n0/A[11]
    DSP48_X8Y44          DSP48E1 (Prop_dsp48e1_A[11]_P[18])
                                                      3.230    12.086 r  u_layer/n0/acc0/P[18]
                         net (fo=1, routed)           0.805    12.891    u_layer/n0/acc0_n_87
    SLICE_X152Y114       LUT2 (Prop_lut2_I0_O)        0.105    12.996 r  u_layer/n0/acc[18]_i_1/O
                         net (fo=1, routed)           0.000    12.996    u_layer/n0/data[18]
    SLICE_X152Y114       FDCE                                         r  u_layer/n0/acc_reg[18]/D
  -------------------------------------------------------------------    -------------------

Slack:                    inf
  Source:                 data_in[11]
                            (input port)
  Destination:            u_layer/n0/acc_reg[26]/D
  Path Group:             (none)
  Path Type:              Max at Slow Process Corner
  Data Path Delay:        12.996ns  (logic 4.257ns (32.760%)  route 8.738ns (67.240%))
  Logic Levels:           3  (DSP48E1=1 IBUF=1 LUT2=1)

    Location             Delay type                Incr(ns)  Path(ns)    Netlist Resource(s)
  -------------------------------------------------------------------    -------------------
    F24                                               0.000     0.000 r  data_in[11] (IN)
                         net (fo=0)                   0.000     0.000    data_in[11]
    F24                  IBUF (Prop_ibuf_I_O)         0.922     0.922 r  data_in_IBUF[11]_inst/O
                         net (fo=8, routed)           7.933     8.856    u_layer/n0/A[11]
    DSP48_X8Y44          DSP48E1 (Prop_dsp48e1_A[11]_P[26])
                                                      3.230    12.086 r  u_layer/n0/acc0/P[26]
                         net (fo=1, routed)           0.805    12.891    u_layer/n0/acc0_n_79
    SLICE_X152Y111       LUT2 (Prop_lut2_I0_O)        0.105    12.996 r  u_layer/n0/acc[26]_i_1/O
                         net (fo=1, routed)           0.000    12.996    u_layer/n0/data[26]
    SLICE_X152Y111       FDCE                                         r  u_layer/n0/acc_reg[26]/D
  -------------------------------------------------------------------    -------------------





Min Delay Paths
--------------------------------------------------------------------------------------
Slack:                    inf
  Source:                 u_layer/n6/acc_reg[10]/C
                            (rising edge-triggered cell FDCE)
  Destination:            u_layer/n6/out_reg[2]/D
  Path Group:             (none)
  Path Type:              Min at Fast Process Corner
  Data Path Delay:        0.302ns  (logic 0.209ns (69.198%)  route 0.093ns (30.802%))
  Logic Levels:           2  (FDCE=1 LUT2=1)

    Location             Delay type                Incr(ns)  Path(ns)    Netlist Resource(s)
  -------------------------------------------------------------------    -------------------
    SLICE_X12Y142        FDCE                         0.000     0.000 r  u_layer/n6/acc_reg[10]/C
    SLICE_X12Y142        FDCE (Prop_fdce_C_Q)         0.164     0.164 r  u_layer/n6/acc_reg[10]/Q
                         net (fo=2, routed)           0.093     0.257    u_layer/n6/acc_reg[10]
    SLICE_X13Y142        LUT2 (Prop_lut2_I0_O)        0.045     0.302 r  u_layer/n6/out[2]_i_1/O
                         net (fo=1, routed)           0.000     0.302    u_layer/n6/out[2]_i_1_n_0
    SLICE_X13Y142        FDCE                                         r  u_layer/n6/out_reg[2]/D
  -------------------------------------------------------------------    -------------------

Slack:                    inf
  Source:                 u_layer/n1/acc_reg[10]/C
                            (rising edge-triggered cell FDCE)
  Destination:            u_layer/n1/out_reg[2]/D
  Path Group:             (none)
  Path Type:              Min at Fast Process Corner
  Data Path Delay:        0.362ns  (logic 0.209ns (57.663%)  route 0.153ns (42.337%))
  Logic Levels:           2  (FDCE=1 LUT2=1)

    Location             Delay type                Incr(ns)  Path(ns)    Netlist Resource(s)
  -------------------------------------------------------------------    -------------------
    SLICE_X152Y127       FDCE                         0.000     0.000 r  u_layer/n1/acc_reg[10]/C
    SLICE_X152Y127       FDCE (Prop_fdce_C_Q)         0.164     0.164 r  u_layer/n1/acc_reg[10]/Q
                         net (fo=2, routed)           0.153     0.317    u_layer/n1/acc_reg[10]
    SLICE_X153Y125       LUT2 (Prop_lut2_I0_O)        0.045     0.362 r  u_layer/n1/out[2]_i_1/O
                         net (fo=1, routed)           0.000     0.362    u_layer/n1/out[2]_i_1_n_0
    SLICE_X153Y125       FDCE                                         r  u_layer/n1/out_reg[2]/D
  -------------------------------------------------------------------    -------------------

Slack:                    inf
  Source:                 u_layer/n4/acc_reg[16]/C
                            (rising edge-triggered cell FDCE)
  Destination:            u_layer/n4/out_reg[8]/D
  Path Group:             (none)
  Path Type:              Min at Fast Process Corner
  Data Path Delay:        0.379ns  (logic 0.209ns (55.159%)  route 0.170ns (44.841%))
  Logic Levels:           2  (FDCE=1 LUT2=1)

    Location             Delay type                Incr(ns)  Path(ns)    Netlist Resource(s)
  -------------------------------------------------------------------    -------------------
    SLICE_X12Y124        FDCE                         0.000     0.000 r  u_layer/n4/acc_reg[16]/C
    SLICE_X12Y124        FDCE (Prop_fdce_C_Q)         0.164     0.164 r  u_layer/n4/acc_reg[16]/Q
                         net (fo=2, routed)           0.170     0.334    u_layer/n4/acc_reg[16]
    SLICE_X11Y124        LUT2 (Prop_lut2_I0_O)        0.045     0.379 r  u_layer/n4/out[8]_i_1/O
                         net (fo=1, routed)           0.000     0.379    u_layer/n4/out[8]_i_1_n_0
    SLICE_X11Y124        FDCE                                         r  u_layer/n4/out_reg[8]/D
  -------------------------------------------------------------------    -------------------

Slack:                    inf
  Source:                 u_layer/n0/acc_reg[23]/C
                            (rising edge-triggered cell FDCE)
  Destination:            u_layer/n0/out_reg[15]/D
  Path Group:             (none)
  Path Type:              Min at Fast Process Corner
  Data Path Delay:        0.405ns  (logic 0.249ns (61.453%)  route 0.156ns (38.547%))
  Logic Levels:           2  (FDCE=1 LUT2=1)

    Location             Delay type                Incr(ns)  Path(ns)    Netlist Resource(s)
  -------------------------------------------------------------------    -------------------
    SLICE_X152Y110       FDCE                         0.000     0.000 r  u_layer/n0/acc_reg[23]/C
    SLICE_X152Y110       FDCE (Prop_fdce_C_Q)         0.148     0.148 r  u_layer/n0/acc_reg[23]/Q
                         net (fo=2, routed)           0.156     0.304    u_layer/n0/acc_reg[23]
    SLICE_X153Y112       LUT2 (Prop_lut2_I0_O)        0.101     0.405 r  u_layer/n0/out[15]_i_1/O
                         net (fo=1, routed)           0.000     0.405    u_layer/n0/p_0_in[15]
    SLICE_X153Y112       FDCE                                         r  u_layer/n0/out_reg[15]/D
  -------------------------------------------------------------------    -------------------

Slack:                    inf
  Source:                 u_layer/n2/acc_reg[18]/C
                            (rising edge-triggered cell FDCE)
  Destination:            u_layer/n2/out_reg[10]/D
  Path Group:             (none)
  Path Type:              Min at Fast Process Corner
  Data Path Delay:        0.408ns  (logic 0.209ns (51.207%)  route 0.199ns (48.793%))
  Logic Levels:           2  (FDCE=1 LUT2=1)

    Location             Delay type                Incr(ns)  Path(ns)    Netlist Resource(s)
  -------------------------------------------------------------------    -------------------
    SLICE_X152Y144       FDCE                         0.000     0.000 r  u_layer/n2/acc_reg[18]/C
    SLICE_X152Y144       FDCE (Prop_fdce_C_Q)         0.164     0.164 r  u_layer/n2/acc_reg[18]/Q
                         net (fo=2, routed)           0.199     0.363    u_layer/n2/acc_reg[18]
    SLICE_X153Y143       LUT2 (Prop_lut2_I0_O)        0.045     0.408 r  u_layer/n2/out[10]_i_1/O
                         net (fo=1, routed)           0.000     0.408    u_layer/n2/out[10]_i_1_n_0
    SLICE_X153Y143       FDCE                                         r  u_layer/n2/out_reg[10]/D
  -------------------------------------------------------------------    -------------------

Slack:                    inf
  Source:                 u_layer/n1/acc_reg[22]/C
                            (rising edge-triggered cell FDCE)
  Destination:            u_layer/n1/out_reg[14]/D
  Path Group:             (none)
  Path Type:              Min at Fast Process Corner
  Data Path Delay:        0.408ns  (logic 0.209ns (51.196%)  route 0.199ns (48.804%))
  Logic Levels:           2  (FDCE=1 LUT2=1)

    Location             Delay type                Incr(ns)  Path(ns)    Netlist Resource(s)
  -------------------------------------------------------------------    -------------------
    SLICE_X152Y125       FDCE                         0.000     0.000 r  u_layer/n1/acc_reg[22]/C
    SLICE_X152Y125       FDCE (Prop_fdce_C_Q)         0.164     0.164 r  u_layer/n1/acc_reg[22]/Q
                         net (fo=2, routed)           0.199     0.363    u_layer/n1/acc_reg[22]
    SLICE_X153Y126       LUT2 (Prop_lut2_I0_O)        0.045     0.408 r  u_layer/n1/out[14]_i_1/O
                         net (fo=1, routed)           0.000     0.408    u_layer/n1/out[14]_i_1_n_0
    SLICE_X153Y126       FDCE                                         r  u_layer/n1/out_reg[14]/D
  -------------------------------------------------------------------    -------------------

Slack:                    inf
  Source:                 u_layer/n4/acc_reg[14]/C
                            (rising edge-triggered cell FDCE)
  Destination:            u_layer/n4/out_reg[6]/D
  Path Group:             (none)
  Path Type:              Min at Fast Process Corner
  Data Path Delay:        0.409ns  (logic 0.209ns (51.080%)  route 0.200ns (48.920%))
  Logic Levels:           2  (FDCE=1 LUT2=1)

    Location             Delay type                Incr(ns)  Path(ns)    Netlist Resource(s)
  -------------------------------------------------------------------    -------------------
    SLICE_X12Y123        FDCE                         0.000     0.000 r  u_layer/n4/acc_reg[14]/C
    SLICE_X12Y123        FDCE (Prop_fdce_C_Q)         0.164     0.164 r  u_layer/n4/acc_reg[14]/Q
                         net (fo=2, routed)           0.200     0.364    u_layer/n4/acc_reg[14]
    SLICE_X11Y122        LUT2 (Prop_lut2_I0_O)        0.045     0.409 r  u_layer/n4/out[6]_i_1/O
                         net (fo=1, routed)           0.000     0.409    u_layer/n4/out[6]_i_1_n_0
    SLICE_X11Y122        FDCE                                         r  u_layer/n4/out_reg[6]/D
  -------------------------------------------------------------------    -------------------

Slack:                    inf
  Source:                 u_layer/n6/acc_reg[14]/C
                            (rising edge-triggered cell FDCE)
  Destination:            u_layer/n6/out_reg[6]/D
  Path Group:             (none)
  Path Type:              Min at Fast Process Corner
  Data Path Delay:        0.412ns  (logic 0.209ns (50.699%)  route 0.203ns (49.301%))
  Logic Levels:           2  (FDCE=1 LUT2=1)

    Location             Delay type                Incr(ns)  Path(ns)    Netlist Resource(s)
  -------------------------------------------------------------------    -------------------
    SLICE_X12Y143        FDCE                         0.000     0.000 r  u_layer/n6/acc_reg[14]/C
    SLICE_X12Y143        FDCE (Prop_fdce_C_Q)         0.164     0.164 r  u_layer/n6/acc_reg[14]/Q
                         net (fo=2, routed)           0.203     0.367    u_layer/n6/acc_reg[14]
    SLICE_X13Y142        LUT2 (Prop_lut2_I0_O)        0.045     0.412 r  u_layer/n6/out[6]_i_1/O
                         net (fo=1, routed)           0.000     0.412    u_layer/n6/out[6]_i_1_n_0
    SLICE_X13Y142        FDCE                                         r  u_layer/n6/out_reg[6]/D
  -------------------------------------------------------------------    -------------------

Slack:                    inf
  Source:                 u_layer/n2/acc_reg[15]/C
                            (rising edge-triggered cell FDCE)
  Destination:            u_layer/n2/out_reg[7]/D
  Path Group:             (none)
  Path Type:              Min at Fast Process Corner
  Data Path Delay:        0.414ns  (logic 0.251ns (60.600%)  route 0.163ns (39.400%))
  Logic Levels:           2  (FDCE=1 LUT2=1)

    Location             Delay type                Incr(ns)  Path(ns)    Netlist Resource(s)
  -------------------------------------------------------------------    -------------------
    SLICE_X152Y143       FDCE                         0.000     0.000 r  u_layer/n2/acc_reg[15]/C
    SLICE_X152Y143       FDCE (Prop_fdce_C_Q)         0.148     0.148 r  u_layer/n2/acc_reg[15]/Q
                         net (fo=2, routed)           0.163     0.311    u_layer/n2/acc_reg[15]
    SLICE_X152Y141       LUT2 (Prop_lut2_I0_O)        0.103     0.414 r  u_layer/n2/out[7]_i_1/O
                         net (fo=1, routed)           0.000     0.414    u_layer/n2/out[7]_i_1_n_0
    SLICE_X152Y141       FDCE                                         r  u_layer/n2/out_reg[7]/D
  -------------------------------------------------------------------    -------------------

Slack:                    inf
  Source:                 u_layer/n0/acc_reg[31]/C
                            (rising edge-triggered cell FDCE)
  Destination:            u_layer/n0/out_reg[14]/D
  Path Group:             (none)
  Path Type:              Min at Fast Process Corner
  Data Path Delay:        0.417ns  (logic 0.246ns (59.052%)  route 0.171ns (40.948%))
  Logic Levels:           2  (FDCE=1 LUT2=1)

    Location             Delay type                Incr(ns)  Path(ns)    Netlist Resource(s)
  -------------------------------------------------------------------    -------------------
    SLICE_X152Y112       FDCE                         0.000     0.000 r  u_layer/n0/acc_reg[31]/C
    SLICE_X152Y112       FDCE (Prop_fdce_C_Q)         0.148     0.148 f  u_layer/n0/acc_reg[31]/Q
                         net (fo=17, routed)          0.171     0.319    u_layer/n0/acc_reg[31]
    SLICE_X153Y112       LUT2 (Prop_lut2_I1_O)        0.098     0.417 r  u_layer/n0/out[14]_i_1/O
                         net (fo=1, routed)           0.000     0.417    u_layer/n0/p_0_in[14]
    SLICE_X153Y112       FDCE                                         r  u_layer/n0/out_reg[14]/D
  -------------------------------------------------------------------    -------------------





